Collecting pandas
  Using cached pandas-3.0.1-cp314-cp314-macosx_11_0_arm64.whl.metadata (79 kB)
Collecting numpy
  Using cached numpy-2.4.2-cp314-cp314-macosx_14_0_arm64.whl.metadata (6.6 kB)
Collecting python-jose
  Using cached python_jose-3.5.0-py2.py3-none-any.whl.metadata (5.5 kB)
Collecting python-multipart
  Using cached python_multipart-0.0.22-py3-none-any.whl.metadata (1.8 kB)
Collecting passlib[bcrypt]
  Using cached passlib-1.7.4-py2.py3-none-any.whl.metadata (1.7 kB)
Collecting pydantic[email]
  Using cached pydantic-2.12.5-py3-none-any.whl.metadata (90 kB)
Collecting python-dateutil>=2.8.2 (from pandas)
  Using cached python_dateutil-2.9.0.post0-py2.py3-none-any.whl.metadata (8.4 kB)
Collecting bcrypt>=3.1.0 (from passlib[bcrypt])
  Using cached bcrypt-5.0.0-cp39-abi3-macosx_10_12_universal2.whl.metadata (10 kB)
Collecting ecdsa!=0.15 (from python-jose)
  Using cached ecdsa-0.19.1-py2.py3-none-any.whl.metadata (29 kB)
Collecting rsa!=4.1.1,!=4.4,<5.0,>=4.0 (from python-jose)
  Using cached rsa-4.9.1-py3-none-any.whl.metadata (5.6 kB)
Collecting pyasn1>=0.5.0 (from python-jose)
  Using cached pyasn1-0.6.2-py3-none-any.whl.metadata (8.4 kB)
Collecting annotated-types>=0.6.0 (from pydantic[email])
  Using cached annotated_types-0.7.0-py3-none-any.whl.metadata (15 kB)
Collecting pydantic-core==2.41.5 (from pydantic[email])
  Using cached pydantic_core-2.41.5-cp314-cp314-macosx_11_0_arm64.whl.metadata (7.3 kB)
Collecting typing-extensions>=4.14.1 (from pydantic[email])
  Using cached typing_extensions-4.15.0-py3-none-any.whl.metadata (3.3 kB)
Collecting typing-inspection>=0.4.2 (from pydantic[email])
  Using cached typing_inspection-0.4.2-py3-none-any.whl.metadata (2.6 kB)
Collecting email-validator>=2.0.0 (from pydantic[email])
  Downloading email_validator-2.3.0-py3-none-any.whl.metadata (26 kB)
Collecting six>=1.9.0 (from ecdsa!=0.15->python-jose)
  Using cached six-1.17.0-py2.py3-none-any.whl.metadata (1.7 kB)
Collecting dnspython>=2.0.0 (from email-validator>=2.0.0->pydantic[email])
  Downloading dnspython-2.8.0-py3-none-any.whl.metadata (5.7 kB)
Collecting idna>=2.0.0 (from email-validator>=2.0.0->pydantic[email])
  Using cached idna-3.11-py3-none-any.whl.metadata (8.4 kB)
Using cached pandas-3.0.1-cp314-cp314-macosx_11_0_arm64.whl (9.9 MB)
Using cached numpy-2.4.2-cp314-cp314-macosx_14_0_arm64.whl (5.2 MB)
Using cached passlib-1.7.4-py2.py3-none-any.whl (525 kB)
Using cached python_jose-3.5.0-py2.py3-none-any.whl (34 kB)
Using cached rsa-4.9.1-py3-none-any.whl (34 kB)
Using cached pydantic-2.12.5-py3-none-any.whl (463 kB)
Using cached pydantic_core-2.41.5-cp314-cp314-macosx_11_0_arm64.whl (1.9 MB)
Using cached python_multipart-0.0.22-py3-none-any.whl (24 kB)
Using cached annotated_types-0.7.0-py3-none-any.whl (13 kB)
Using cached bcrypt-5.0.0-cp39-abi3-macosx_10_12_universal2.whl (495 kB)
Using cached ecdsa-0.19.1-py2.py3-none-any.whl (150 kB)
Downloading email_validator-2.3.0-py3-none-any.whl (35 kB)
Downloading dnspython-2.8.0-py3-none-any.whl (331 kB)
Using cached idna-3.11-py3-none-any.whl (71 kB)
Using cached pyasn1-0.6.2-py3-none-any.whl (83 kB)
Using cached python_dateutil-2.9.0.post0-py2.py3-none-any.whl (229 kB)
Using cached six-1.17.0-py2.py3-none-any.whl (11 kB)
Using cached typing_extensions-4.15.0-py3-none-any.whl (44 kB)
Using cached typing_inspection-0.4.2-py3-none-any.whl (14 kB)
Installing collected packages: passlib, typing-extensions, six, python-multipart, pyasn1, numpy, idna, dnspython, bcrypt, annotated-types, typing-inspection, rsa, python-dateutil, pydantic-core, email-validator, ecdsa, python-jose, pydantic, pandas

Successfully installed annotated-types-0.7.0 bcrypt-5.0.0 dnspython-2.8.0 ecdsa-0.19.1 email-validator-2.3.0 idna-3.11 numpy-2.4.2 pandas-3.0.1 passlib-1.7.4 pyasn1-0.6.2 pydantic-2.12.5 pydantic-core-2.41.5 python-dateutil-2.9.0.post0 python-jose-3.5.0 python-multipart-0.0.22 rsa-4.9.1 six-1.17.0 typing-extensions-4.15.0 typing-inspection-0.4.2

[notice] A new release of pip is available: 25.3 -> 26.0.1
[notice] To update, run: pip install --upgrade pip
