Collecting supabase
  Using cached supabase-2.28.0-py3-none-any.whl.metadata (4.6 kB)
Collecting realtime==2.28.0 (from supabase)
  Using cached realtime-2.28.0-py3-none-any.whl.metadata (7.0 kB)
Collecting supabase-functions==2.28.0 (from supabase)
  Using cached supabase_functions-2.28.0-py3-none-any.whl.metadata (2.4 kB)
Collecting storage3==2.28.0 (from supabase)
  Using cached storage3-2.28.0-py3-none-any.whl.metadata (2.1 kB)
Collecting supabase-auth==2.28.0 (from supabase)
  Using cached supabase_auth-2.28.0-py3-none-any.whl.metadata (6.4 kB)
Collecting postgrest==2.28.0 (from supabase)
  Using cached postgrest-2.28.0-py3-none-any.whl.metadata (3.4 kB)
Collecting httpx<0.29,>=0.26 (from supabase)
  Using cached httpx-0.28.1-py3-none-any.whl.metadata (7.1 kB)
Collecting yarl>=1.22.0 (from supabase)
  Downloading yarl-1.23.0-cp314-cp314-macosx_11_0_arm64.whl.metadata (79 kB)
Collecting deprecation>=2.1.0 (from postgrest==2.28.0->supabase)
  Using cached deprecation-2.1.0-py2.py3-none-any.whl.metadata (4.6 kB)
Requirement already satisfied: pydantic<3.0,>=1.9 in ./venv/lib/python3.14/site-packages (from postgrest==2.28.0->supabase) (2.12.5)
Requirement already satisfied: typing-extensions>=4.14.0 in ./venv/lib/python3.14/site-packages (from realtime==2.28.0->supabase) (4.15.0)
Collecting websockets<16,>=11 (from realtime==2.28.0->supabase)
  Using cached websockets-15.0.1-py3-none-any.whl.metadata (6.8 kB)
Collecting pyiceberg>=0.10.0 (from storage3==2.28.0->supabase)
  Downloading pyiceberg-0.11.1.tar.gz (1.1 MB)
     ━━━━ 1.… 7.6   0:0…
          MB  MB/s      
  Installing build dependencies: started
  Installing build dependencies: finished with status 'done'
  Getting requirements to build wheel: started
  Getting requirements to build wheel: finished with status 'done'
  Preparing metadata (pyproject.toml): started
  Preparing metadata (pyproject.toml): finished with status 'done'
Collecting pyjwt>=2.10.1 (from pyjwt[crypto]>=2.10.1->supabase-auth==2.28.0->supabase)
  Using cached pyjwt-2.11.0-py3-none-any.whl.metadata (4.0 kB)
Collecting strenum>=0.4.15 (from supabase-functions==2.28.0->supabase)
  Using cached StrEnum-0.4.15-py3-none-any.whl.metadata (5.3 kB)
Requirement already satisfied: anyio in ./venv/lib/python3.14/site-packages (from httpx<0.29,>=0.26->supabase) (4.12.1)
Collecting certifi (from httpx<0.29,>=0.26->supabase)
  Using cached certifi-2026.2.25-py3-none-any.whl.metadata (2.5 kB)
Collecting httpcore==1.* (from httpx<0.29,>=0.26->supabase)
  Using cached httpcore-1.0.9-py3-none-any.whl.metadata (21 kB)
Requirement already satisfied: idna in ./venv/lib/python3.14/site-packages (from httpx<0.29,>=0.26->supabase) (3.11)
Requirement already satisfied: h11>=0.16 in ./venv/lib/python3.14/site-packages (from httpcore==1.*->httpx<0.29,>=0.26->supabase) (0.16.0)
Collecting h2<5,>=3 (from httpx[http2]<0.29,>=0.26->postgrest==2.28.0->supabase)
  Using cached h2-4.3.0-py3-none-any.whl.metadata (5.1 kB)
Collecting hyperframe<7,>=6.1 (from h2<5,>=3->httpx[http2]<0.29,>=0.26->postgrest==2.28.0->supabase)
  Using cached hyperframe-6.1.0-py3-none-any.whl.metadata (4.3 kB)
Collecting hpack<5,>=4.1 (from h2<5,>=3->httpx[http2]<0.29,>=0.26->postgrest==2.28.0->supabase)
  Using cached hpack-4.1.0-py3-none-any.whl.metadata (4.6 kB)
Requirement already satisfied: annotated-types>=0.6.0 in ./venv/lib/python3.14/site-packages (from pydantic<3.0,>=1.9->postgrest==2.28.0->supabase) (0.7.0)
Requirement already satisfied: pydantic-core==2.41.5 in ./venv/lib/python3.14/site-packages (from pydantic<3.0,>=1.9->postgrest==2.28.0->supabase) (2.41.5)
Requirement already satisfied: typing-inspection>=0.4.2 in ./venv/lib/python3.14/site-packages (from pydantic<3.0,>=1.9->postgrest==2.28.0->supabase) (0.4.2)
Collecting packaging (from deprecation>=2.1.0->postgrest==2.28.0->supabase)
  Using cached packaging-26.0-py3-none-any.whl.metadata (3.3 kB)
Collecting mmh3<6.0.0,>=4.0.0 (from pyiceberg>=0.10.0->storage3==2.28.0->supabase)
  Using cached mmh3-5.2.0-cp314-cp314-macosx_11_0_arm64.whl.metadata (14 kB)
Collecting requests<3.0.0,>=2.20.0 (from pyiceberg>=0.10.0->storage3==2.28.0->supabase)
  Using cached requests-2.32.5-py3-none-any.whl.metadata (4.9 kB)
Requirement already satisfied: click<9.0.0,>=7.1.1 in ./venv/lib/python3.14/site-packages (from pyiceberg>=0.10.0->storage3==2.28.0->supabase) (8.3.1)
Collecting rich<15.0.0,>=10.11.0 (from pyiceberg>=0.10.0->storage3==2.28.0->supabase)
  Using cached rich-14.3.3-py3-none-any.whl.metadata (18 kB)
Collecting strictyaml<2.0.0,>=1.7.0 (from pyiceberg>=0.10.0->storage3==2.28.0->supabase)
  Using cached strictyaml-1.7.3-py3-none-any.whl.metadata (11 kB)
Collecting fsspec>=2023.1.0 (from pyiceberg>=0.10.0->storage3==2.28.0->supabase)
  Using cached fsspec-2026.2.0-py3-none-any.whl.metadata (10 kB)
Collecting pyparsing<4.0.0,>=3.1.0 (from pyiceberg>=0.10.0->storage3==2.28.0->supabase)
  Using cached pyparsing-3.3.2-py3-none-any.whl.metadata (5.8 kB)
Collecting tenacity<10.0.0,>=8.2.3 (from pyiceberg>=0.10.0->storage3==2.28.0->supabase)
  Using cached tenacity-9.1.4-py3-none-any.whl.metadata (1.2 kB)
Collecting pyroaring<2.0.0,>=1.0.0 (from pyiceberg>=0.10.0->storage3==2.28.0->supabase)
  Using cached pyroaring-1.0.3-cp314-cp314-macosx_15_0_arm64.whl
Collecting cachetools<7.0,>=5.5 (from pyiceberg>=0.10.0->storage3==2.28.0->supabase)
  Using cached cachetools-6.2.6-py3-none-any.whl.metadata (5.6 kB)
Collecting zstandard<1.0.0,>=0.13.0 (from pyiceberg>=0.10.0->storage3==2.28.0->supabase)
  Using cached zstandard-0.25.0-cp314-cp314-macosx_11_0_arm64.whl.metadata (3.3 kB)
Collecting charset_normalizer<4,>=2 (from requests<3.0.0,>=2.20.0->pyiceberg>=0.10.0->storage3==2.28.0->supabase)
  Using cached charset_normalizer-3.4.4-cp314-cp314-macosx_10_13_universal2.whl.metadata (37 kB)
Collecting urllib3<3,>=1.21.1 (from requests<3.0.0,>=2.20.0->pyiceberg>=0.10.0->storage3==2.28.0->supabase)
  Using cached urllib3-2.6.3-py3-none-any.whl.metadata (6.9 kB)
Collecting markdown-it-py>=2.2.0 (from rich<15.0.0,>=10.11.0->pyiceberg>=0.10.0->storage3==2.28.0->supabase)
  Using cached markdown_it_py-4.0.0-py3-none-any.whl.metadata (7.3 kB)
Collecting pygments<3.0.0,>=2.13.0 (from rich<15.0.0,>=10.11.0->pyiceberg>=0.10.0->storage3==2.28.0->supabase)
  Using cached pygments-2.19.2-py3-none-any.whl.metadata (2.5 kB)
Requirement already satisfied: python-dateutil>=2.6.0 in ./venv/lib/python3.14/site-packages (from strictyaml<2.0.0,>=1.7.0->pyiceberg>=0.10.0->storage3==2.28.0->supabase) (2.9.0.post0)
Collecting mdurl~=0.1 (from markdown-it-py>=2.2.0->rich<15.0.0,>=10.11.0->pyiceberg>=0.10.0->storage3==2.28.0->supabase)
  Using cached mdurl-0.1.2-py3-none-any.whl.metadata (1.6 kB)
Collecting cryptography>=3.4.0 (from pyjwt[crypto]>=2.10.1->supabase-auth==2.28.0->supabase)
  Using cached cryptography-46.0.5-cp311-abi3-macosx_10_9_universal2.whl.metadata (5.7 kB)
Requirement already satisfied: cffi>=2.0.0 in ./venv/lib/python3.14/site-packages (from cryptography>=3.4.0->pyjwt[crypto]>=2.10.1->supabase-auth==2.28.0->supabase) (2.0.0)
Requirement already satisfied: pycparser in ./venv/lib/python3.14/site-packages (from cffi>=2.0.0->cryptography>=3.4.0->pyjwt[crypto]>=2.10.1->supabase-auth==2.28.0->supabase) (3.0)
Requirement already satisfied: six>=1.5 in ./venv/lib/python3.14/site-packages (from python-dateutil>=2.6.0->strictyaml<2.0.0,>=1.7.0->pyiceberg>=0.10.0->storage3==2.28.0->supabase) (1.17.0)
Collecting multidict>=4.0 (from yarl>=1.22.0->supabase)
  Using cached multidict-6.7.1-cp314-cp314-macosx_11_0_arm64.whl.metadata (5.3 kB)
Collecting propcache>=0.2.1 (from yarl>=1.22.0->supabase)
  Using cached propcache-0.4.1-cp314-cp314-macosx_11_0_arm64.whl.metadata (13 kB)
Using cached supabase-2.28.0-py3-none-any.whl (16 kB)
Using cached postgrest-2.28.0-py3-none-any.whl (22 kB)
Using cached realtime-2.28.0-py3-none-any.whl (22 kB)
Using cached storage3-2.28.0-py3-none-any.whl (28 kB)
Using cached supabase_auth-2.28.0-py3-none-any.whl (48 kB)
Using cached supabase_functions-2.28.0-py3-none-any.whl (8.8 kB)
Using cached httpx-0.28.1-py3-none-any.whl (73 kB)
Using cached httpcore-1.0.9-py3-none-any.whl (78 kB)
Using cached h2-4.3.0-py3-none-any.whl (61 kB)
Using cached hpack-4.1.0-py3-none-any.whl (34 kB)
Using cached hyperframe-6.1.0-py3-none-any.whl (13 kB)
Using cached websockets-15.0.1-py3-none-any.whl (169 kB)
Using cached deprecation-2.1.0-py2.py3-none-any.whl (11 kB)
Using cached cachetools-6.2.6-py3-none-any.whl (11 kB)
Using cached mmh3-5.2.0-cp314-cp314-macosx_11_0_arm64.whl (40 kB)
Using cached pyparsing-3.3.2-py3-none-any.whl (122 kB)
Using cached requests-2.32.5-py3-none-any.whl (64 kB)
Using cached charset_normalizer-3.4.4-cp314-cp314-macosx_10_13_universal2.whl (207 kB)
Using cached rich-14.3.3-py3-none-any.whl (310 kB)
Using cached pygments-2.19.2-py3-none-any.whl (1.2 MB)
Using cached strictyaml-1.7.3-py3-none-any.whl (123 kB)
Using cached tenacity-9.1.4-py3-none-any.whl (28 kB)
Using cached urllib3-2.6.3-py3-none-any.whl (131 kB)
Using cached zstandard-0.25.0-cp314-cp314-macosx_11_0_arm64.whl (640 kB)
Using cached certifi-2026.2.25-py3-none-any.whl (153 kB)
Using cached fsspec-2026.2.0-py3-none-any.whl (202 kB)
Using cached markdown_it_py-4.0.0-py3-none-any.whl (87 kB)
Using cached mdurl-0.1.2-py3-none-any.whl (10.0 kB)
Using cached pyjwt-2.11.0-py3-none-any.whl (28 kB)
Using cached cryptography-46.0.5-cp311-abi3-macosx_10_9_universal2.whl (7.2 MB)
Using cached StrEnum-0.4.15-py3-none-any.whl (8.9 kB)
Downloading yarl-1.23.0-cp314-cp314-macosx_11_0_arm64.whl (86 kB)
Using cached multidict-6.7.1-cp314-cp314-macosx_11_0_arm64.whl (43 kB)
Using cached propcache-0.4.1-cp314-cp314-macosx_11_0_arm64.whl (46 kB)
Using cached packaging-26.0-py3-none-any.whl (74 kB)
Building wheels for collected packages: pyiceberg
  Building wheel for pyiceberg (pyproject.toml): started
  Building wheel for pyiceberg (pyproject.toml): finished with status 'done'
  Created wheel for pyiceberg: filename=pyiceberg-0.11.1-cp314-cp314-macosx_15_0_arm64.whl size=531729 sha256=572dd92bca999045d48791187d8d53ec36403b708982042d4b811a13758e03ca
  Stored in directory: /Users/rekha/Library/Caches/pip/wheels/ba/99/76/91784b0431c6750b719274074d84b9ae60bb9541089624090e
Successfully built pyiceberg
Installing collected packages: strenum, pyroaring, zstandard, websockets, urllib3, tenacity, pyparsing, pyjwt, pygments, propcache, packaging, multidict, mmh3, mdurl, hyperframe, hpack, fsspec, charset_normalizer, certifi, cachetools, yarl, strictyaml, requests, markdown-it-py, httpcore, h2, deprecation, cryptography, rich, realtime, httpx, pyiceberg, supabase-functions, supabase-auth, storage3, postgrest, supabase

Successfully installed cachetools-6.2.6 certifi-2026.2.25 charset_normalizer-3.4.4 cryptography-46.0.5 deprecation-2.1.0 fsspec-2026.2.0 h2-4.3.0 hpack-4.1.0 httpcore-1.0.9 httpx-0.28.1 hyperframe-6.1.0 markdown-it-py-4.0.0 mdurl-0.1.2 mmh3-5.2.0 multidict-6.7.1 packaging-26.0 postgrest-2.28.0 propcache-0.4.1 pygments-2.19.2 pyiceberg-0.11.1 pyjwt-2.11.0 pyparsing-3.3.2 pyroaring-1.0.3 realtime-2.28.0 requests-2.32.5 rich-14.3.3 storage3-2.28.0 strenum-0.4.15 strictyaml-1.7.3 supabase-2.28.0 supabase-auth-2.28.0 supabase-functions-2.28.0 tenacity-9.1.4 urllib3-2.6.3 websockets-15.0.1 yarl-1.23.0 zstandard-0.25.0

[notice] A new release of pip is available: 25.3 -> 26.0.1
[notice] To update, run: pip install --upgrade pip
