Collecting uvicorn
  Using cached uvicorn-0.41.0-py3-none-any.whl.metadata (6.7 kB)
Collecting fastapi
  Using cached fastapi-0.135.1-py3-none-any.whl.metadata (30 kB)
Requirement already satisfied: click>=7.0 in ./venv/lib/python3.14/site-packages (from uvicorn) (8.3.1)
Collecting h11>=0.8 (from uvicorn)
  Using cached h11-0.16.0-py3-none-any.whl.metadata (8.3 kB)
Collecting starlette>=0.46.0 (from fastapi)
  Using cached starlette-0.52.1-py3-none-any.whl.metadata (6.3 kB)
Requirement already satisfied: pydantic>=2.7.0 in ./venv/lib/python3.14/site-packages (from fastapi) (2.12.5)
Requirement already satisfied: typing-extensions>=4.8.0 in ./venv/lib/python3.14/site-packages (from fastapi) (4.15.0)
Requirement already satisfied: typing-inspection>=0.4.2 in ./venv/lib/python3.14/site-packages (from fastapi) (0.4.2)
Collecting annotated-doc>=0.0.2 (from fastapi)
  Using cached annotated_doc-0.0.4-py3-none-any.whl.metadata (6.6 kB)
Requirement already satisfied: annotated-types>=0.6.0 in ./venv/lib/python3.14/site-packages (from pydantic>=2.7.0->fastapi) (0.7.0)
Requirement already satisfied: pydantic-core==2.41.5 in ./venv/lib/python3.14/site-packages (from pydantic>=2.7.0->fastapi) (2.41.5)
Collecting anyio<5,>=3.6.2 (from starlette>=0.46.0->fastapi)
  Using cached anyio-4.12.1-py3-none-any.whl.metadata (4.3 kB)
Requirement already satisfied: idna>=2.8 in ./venv/lib/python3.14/site-packages (from anyio<5,>=3.6.2->starlette>=0.46.0->fastapi) (3.11)
Using cached uvicorn-0.41.0-py3-none-any.whl (68 kB)
Downloading fastapi-0.135.1-py3-none-any.whl (116 kB)
Using cached annotated_doc-0.0.4-py3-none-any.whl (5.3 kB)
Using cached h11-0.16.0-py3-none-any.whl (37 kB)
Using cached starlette-0.52.1-py3-none-any.whl (74 kB)
Using cached anyio-4.12.1-py3-none-any.whl (113 kB)
Installing collected packages: h11, anyio, annotated-doc, uvicorn, starlette, fastapi

Successfully installed annotated-doc-0.0.4 anyio-4.12.1 fastapi-0.135.1 h11-0.16.0 starlette-0.52.1 uvicorn-0.41.0

[notice] A new release of pip is available: 25.3 -> 26.0.1
[notice] To update, run: pip install --upgrade pip
